<?xml version="1.0" encoding="UTF-8"?>
<!-- Generated by org.testng.reporters.JUnitReportReporter -->
<testsuite hostname="ABICO-GJQJZY2" failures="0" tests="1" name="actualTest.TestOnLocalAPI" time="0.910" errors="0" timestamp="2022-03-24T17:27:44 PDT" skipped="0">
  <testcase classname="actualTest.TestOnLocalAPI" name="delete" time="0.910"/>
  <system-out/>
</testsuite> <!-- actualTest.TestOnLocalAPI -->
