<?xml version="1.0" encoding="UTF-8"?>
<!-- Generated by org.testng.reporters.JUnitReportReporter -->
<testsuite hostname="ABICO-GJQJZY2" failures="0" tests="1" name="actualTest.JsonSchemaValidator" time="1.520" errors="0" timestamp="2022-03-25T12:59:53 PDT" skipped="0">
  <testcase classname="actualTest.JsonSchemaValidator" name="testGet" time="1.520"/>
  <system-out/>
</testsuite> <!-- actualTest.JsonSchemaValidator -->
