<?xml version="1.0" encoding="UTF-8"?>
<!-- Generated by org.testng.reporters.JUnitReportReporter -->
<testsuite hostname="ABICO-GJQJZY2" failures="0" tests="1" name="restAssuredTests.TestOne" time="1.505" errors="0" timestamp="2022-03-23T16:32:34 PDT" skipped="0">
  <testcase classname="restAssuredTests.TestOne" name="test_2" time="1.505"/>
  <system-out/>
</testsuite> <!-- restAssuredTests.TestOne -->
