<?xml version="1.0" encoding="UTF-8"?>
<!-- Generated by org.testng.reporters.JUnitReportReporter -->
<testsuite hostname="ABICO-GJQJZY2" failures="0" tests="1" name="actualTest.SOAPXMLRequest" time="1.436" errors="0" timestamp="2022-03-25T12:49:42 PDT" skipped="0">
  <testcase classname="actualTest.SOAPXMLRequest" name="vadilateSOAPXML" time="1.436"/>
  <system-out/>
</testsuite> <!-- actualTest.SOAPXMLRequest -->
