<?xml version="1.0" encoding="UTF-8"?>
<!-- Generated by org.testng.reporters.JUnitReportReporter -->
<testsuite hostname="ABICO-GJQJZY2" failures="0" tests="1" name="restAssuredTests.GetAndPostExamples" time="1.528" errors="0" timestamp="2022-03-24T14:40:09 PDT" skipped="0">
  <testcase classname="restAssuredTests.GetAndPostExamples" name="testPut" time="1.528"/>
  <system-out/>
</testsuite> <!-- restAssuredTests.GetAndPostExamples -->
