<?xml version="1.0" encoding="UTF-8"?>
<!-- Generated by org.testng.reporters.JUnitReportReporter -->
<testsuite hostname="ABICO-GJQJZY2" failures="0" tests="1" name="actualTest.XMLSchemaValidation" time="1.721" errors="0" timestamp="2022-03-25T13:17:17 PDT" skipped="0">
  <testcase classname="actualTest.XMLSchemaValidation" name="schemaValidation" time="1.721"/>
  <system-out/>
</testsuite> <!-- actualTest.XMLSchemaValidation -->
